<?xml version="1.0" encoding="UTF-8"?><testsuite errors="0" failures="0" name="Promises Log Functionality" skipped="0" tests="4" time="138.39" timestamp="2020-09-08 07:16:39"><testcase name="1) Verify Error message after navigating to application url and clicking on submit button without filling username and password field"/><testcase name="2) Verify user is logged into the application successfully after providing correct username and password"/><testcase name="3) Add Promise and verify whether it has been added succesfully"/><testcase name="4) Verify user is able to log out from the application successfully after clicking on logout button"/></testsuite>